2024-05-11 22:47:08.425  INFO 3828 --- [main] com.chashugu.lowcodecrud.Application     : Starting Application using Java 17.0.10 on LAPTOP-N1ODK0IO with PID 3828 (E:\Blogin\Java-scaffold\my-cli\low-code-crud\target\classes started by administrator in E:\Blogin\Java-scaffold)
2024-05-11 22:47:08.428  INFO 3828 --- [main] com.chashugu.lowcodecrud.Application     : No active profile set, falling back to default profiles: default
2024-05-11 22:47:09.208  INFO 3828 --- [main] trationDelegate$BeanPostProcessorChecker : Bean 'spring.datasource.dynamic-com.baomidou.dynamic.datasource.spring.boot.autoconfigure.DynamicDataSourceProperties' of type [com.baomidou.dynamic.datasource.spring.boot.autoconfigure.DynamicDataSourceProperties] is not eligible for getting processed by all BeanPostProcessors (for example: not eligible for auto-proxying)
2024-05-11 22:47:09.220  INFO 3828 --- [main] trationDelegate$BeanPostProcessorChecker : Bean 'com.baomidou.dynamic.datasource.spring.boot.autoconfigure.DynamicDataSourceAutoConfiguration' of type [com.baomidou.dynamic.datasource.spring.boot.autoconfigure.DynamicDataSourceAutoConfiguration$$EnhancerBySpringCGLIB$$bacd7551] is not eligible for getting processed by all BeanPostProcessors (for example: not eligible for auto-proxying)
2024-05-11 22:47:09.230  INFO 3828 --- [main] trationDelegate$BeanPostProcessorChecker : Bean 'dsProcessor' of type [com.baomidou.dynamic.datasource.processor.DsHeaderProcessor] is not eligible for getting processed by all BeanPostProcessors (for example: not eligible for auto-proxying)
2024-05-11 22:47:09.394  INFO 3828 --- [main] o.s.b.w.embedded.tomcat.TomcatWebServer  : Tomcat initialized with port(s): 9000 (http)
2024-05-11 22:47:09.401  INFO 3828 --- [main] o.apache.catalina.core.StandardService   : Starting service [Tomcat]
2024-05-11 22:47:09.401  INFO 3828 --- [main] org.apache.catalina.core.StandardEngine  : Starting Servlet engine: [Apache Tomcat/9.0.54]
2024-05-11 22:47:09.485  INFO 3828 --- [main] o.a.c.c.C.[Tomcat].[localhost].[/]       : Initializing Spring embedded WebApplicationContext
2024-05-11 22:47:09.485  INFO 3828 --- [main] w.s.c.ServletWebServerApplicationContext : Root WebApplicationContext: initialization completed in 1019 ms
2024-05-11 22:47:09.973  INFO 3828 --- [main] com.alibaba.druid.pool.DruidDataSource   : {dataSource-1,master} inited
2024-05-11 22:47:09.973  INFO 3828 --- [main] c.b.d.d.DynamicRoutingDataSource         : dynamic-datasource - add a datasource named [master] success
2024-05-11 22:47:09.974  INFO 3828 --- [main] c.b.d.d.DynamicRoutingDataSource         : dynamic-datasource initial loaded [1] datasource,primary datasource named [master]
2024-05-11 22:47:10.409  INFO 3828 --- [main] pertySourcedRequestMappingHandlerMapping : Mapped URL path [/v2/api-docs] onto method [springfox.documentation.swagger2.web.Swagger2ControllerWebMvc#getDocumentation(String, HttpServletRequest)]
2024-05-11 22:47:10.649  INFO 3828 --- [main] o.s.b.w.embedded.tomcat.TomcatWebServer  : Tomcat started on port(s): 9000 (http) with context path ''
2024-05-11 22:47:10.650  INFO 3828 --- [main] d.s.w.p.DocumentationPluginsBootstrapper : Documentation plugins bootstrapped
2024-05-11 22:47:10.651  INFO 3828 --- [main] d.s.w.p.DocumentationPluginsBootstrapper : Found 1 custom documentation plugin(s)
2024-05-11 22:47:10.666  INFO 3828 --- [main] s.d.s.w.s.ApiListingReferenceScanner     : Scanning for api listing references
2024-05-11 22:47:10.778  INFO 3828 --- [main] com.chashugu.lowcodecrud.Application     : Started Application in 2.707 seconds (JVM running for 3.308)
2024-05-11 22:47:13.714  INFO 3828 --- [http-nio-9000-exec-1] o.a.c.c.C.[Tomcat].[localhost].[/]       : Initializing Spring DispatcherServlet 'dispatcherServlet'
2024-05-11 22:47:13.714  INFO 3828 --- [http-nio-9000-exec-1] o.s.web.servlet.DispatcherServlet        : Initializing Servlet 'dispatcherServlet'
2024-05-11 22:47:13.715  INFO 3828 --- [http-nio-9000-exec-1] o.s.web.servlet.DispatcherServlet        : Completed initialization in 1 ms
2024-05-11 22:47:13.820  WARN 3828 --- [http-nio-9000-exec-1] c.b.m.c.t.support.ReflectLambdaMeta      : Unable to make field private final java.lang.Class java.lang.invoke.SerializedLambda.capturingClass accessible: module java.base does not "opens java.lang.invoke" to unnamed module @6379eb
2024-05-11 22:47:38.320  INFO 3828 --- [SpringApplicationShutdownHook] c.b.d.d.DynamicRoutingDataSource         : dynamic-datasource start closing ....
2024-05-11 22:47:38.322  INFO 3828 --- [SpringApplicationShutdownHook] com.alibaba.druid.pool.DruidDataSource   : {dataSource-1} closing ...
2024-05-11 22:47:38.327  INFO 3828 --- [SpringApplicationShutdownHook] com.alibaba.druid.pool.DruidDataSource   : {dataSource-1} closed
2024-05-11 22:47:38.327  INFO 3828 --- [SpringApplicationShutdownHook] c.b.d.d.DynamicRoutingDataSource         : dynamic-datasource all closed success,bye
2024-05-11 22:47:40.342  INFO 13940 --- [main] com.chashugu.lowcodecrud.Application     : Starting Application using Java 17.0.10 on LAPTOP-N1ODK0IO with PID 13940 (E:\Blogin\Java-scaffold\my-cli\low-code-crud\target\classes started by administrator in E:\Blogin\Java-scaffold)
2024-05-11 22:47:40.344  INFO 13940 --- [main] com.chashugu.lowcodecrud.Application     : No active profile set, falling back to default profiles: default
2024-05-11 22:47:41.165  INFO 13940 --- [main] trationDelegate$BeanPostProcessorChecker : Bean 'spring.datasource.dynamic-com.baomidou.dynamic.datasource.spring.boot.autoconfigure.DynamicDataSourceProperties' of type [com.baomidou.dynamic.datasource.spring.boot.autoconfigure.DynamicDataSourceProperties] is not eligible for getting processed by all BeanPostProcessors (for example: not eligible for auto-proxying)
2024-05-11 22:47:41.167  INFO 13940 --- [main] trationDelegate$BeanPostProcessorChecker : Bean 'com.baomidou.dynamic.datasource.spring.boot.autoconfigure.DynamicDataSourceAutoConfiguration' of type [com.baomidou.dynamic.datasource.spring.boot.autoconfigure.DynamicDataSourceAutoConfiguration$$EnhancerBySpringCGLIB$$c4899d00] is not eligible for getting processed by all BeanPostProcessors (for example: not eligible for auto-proxying)
2024-05-11 22:47:41.178  INFO 13940 --- [main] trationDelegate$BeanPostProcessorChecker : Bean 'dsProcessor' of type [com.baomidou.dynamic.datasource.processor.DsHeaderProcessor] is not eligible for getting processed by all BeanPostProcessors (for example: not eligible for auto-proxying)
2024-05-11 22:47:41.361  INFO 13940 --- [main] o.s.b.w.embedded.tomcat.TomcatWebServer  : Tomcat initialized with port(s): 9000 (http)
2024-05-11 22:47:41.369  INFO 13940 --- [main] o.apache.catalina.core.StandardService   : Starting service [Tomcat]
2024-05-11 22:47:41.369  INFO 13940 --- [main] org.apache.catalina.core.StandardEngine  : Starting Servlet engine: [Apache Tomcat/9.0.54]
2024-05-11 22:47:41.449  INFO 13940 --- [main] o.a.c.c.C.[Tomcat].[localhost].[/]       : Initializing Spring embedded WebApplicationContext
2024-05-11 22:47:41.449  INFO 13940 --- [main] w.s.c.ServletWebServerApplicationContext : Root WebApplicationContext: initialization completed in 1068 ms
2024-05-11 22:47:41.984  INFO 13940 --- [main] com.alibaba.druid.pool.DruidDataSource   : {dataSource-1,master} inited
2024-05-11 22:47:41.984  INFO 13940 --- [main] c.b.d.d.DynamicRoutingDataSource         : dynamic-datasource - add a datasource named [master] success
2024-05-11 22:47:41.986  INFO 13940 --- [main] c.b.d.d.DynamicRoutingDataSource         : dynamic-datasource initial loaded [1] datasource,primary datasource named [master]
2024-05-11 22:47:42.400  INFO 13940 --- [main] pertySourcedRequestMappingHandlerMapping : Mapped URL path [/v2/api-docs] onto method [springfox.documentation.swagger2.web.Swagger2ControllerWebMvc#getDocumentation(String, HttpServletRequest)]
2024-05-11 22:47:42.630  INFO 13940 --- [main] o.s.b.w.embedded.tomcat.TomcatWebServer  : Tomcat started on port(s): 9000 (http) with context path ''
2024-05-11 22:47:42.630  INFO 13940 --- [main] d.s.w.p.DocumentationPluginsBootstrapper : Documentation plugins bootstrapped
2024-05-11 22:47:42.632  INFO 13940 --- [main] d.s.w.p.DocumentationPluginsBootstrapper : Found 1 custom documentation plugin(s)
2024-05-11 22:47:42.649  INFO 13940 --- [main] s.d.s.w.s.ApiListingReferenceScanner     : Scanning for api listing references
2024-05-11 22:47:42.766  INFO 13940 --- [main] com.chashugu.lowcodecrud.Application     : Started Application in 2.76 seconds (JVM running for 3.359)
2024-05-11 22:47:44.276  INFO 13940 --- [http-nio-9000-exec-1] o.a.c.c.C.[Tomcat].[localhost].[/]       : Initializing Spring DispatcherServlet 'dispatcherServlet'
2024-05-11 22:47:44.276  INFO 13940 --- [http-nio-9000-exec-1] o.s.web.servlet.DispatcherServlet        : Initializing Servlet 'dispatcherServlet'
2024-05-11 22:47:44.277  INFO 13940 --- [http-nio-9000-exec-1] o.s.web.servlet.DispatcherServlet        : Completed initialization in 1 ms
2024-05-11 22:47:44.370  WARN 13940 --- [http-nio-9000-exec-1] c.b.m.c.t.support.ReflectLambdaMeta      : Unable to make field private final java.lang.Class java.lang.invoke.SerializedLambda.capturingClass accessible: module java.base does not "opens java.lang.invoke" to unnamed module @7b9a4292
2024-05-11 22:48:14.332  INFO 13940 --- [SpringApplicationShutdownHook] c.b.d.d.DynamicRoutingDataSource         : dynamic-datasource start closing ....
2024-05-11 22:48:14.333  INFO 13940 --- [SpringApplicationShutdownHook] com.alibaba.druid.pool.DruidDataSource   : {dataSource-1} closing ...
2024-05-11 22:48:14.338  INFO 13940 --- [SpringApplicationShutdownHook] com.alibaba.druid.pool.DruidDataSource   : {dataSource-1} closed
2024-05-11 22:48:14.338  INFO 13940 --- [SpringApplicationShutdownHook] c.b.d.d.DynamicRoutingDataSource         : dynamic-datasource all closed success,bye
